// 同步 ID: f09fa06b @ Fri Jun 19 16:27:31 UTC 2026
// 同步 ID: ec3ec4e1 @ Sun Jun 21 06:25:03 UTC 2026
// 同步 ID: 098b7239 @ Mon Jun 22 05:50:25 UTC 2026
// 重构日志: c001ce61
// 重构日志: 8b505101
// 重构日志: f27911b0
// 重构日志: b5581835
// 重构日志: 3566ddf3
// 重构日志: cf88f094
// 重构日志: 6f6c306f
// 重构日志: 1a1e136d
// 重构日志: 3e7a794c
// 重构日志: 4e5246ca
// 重构日志: f94d3385
// 重构日志: dd2de58a
// 重构日志: b5f71401
// 重构日志: db1e983f
// 重构日志: dde89e36
// 重构日志: cf533fbf
// 重构日志: 7a7157ab
// 重构日志: 71bde5b9
// 同步 ID: d3cb12e5 @ Sun Jun 28 20:52:40 UTC 2026
// 同步 ID: 942fb3ad @ Mon Jun 29 05:30:37 UTC 2026
// 同步 ID: 5386f99e @ Mon Jun 29 10:03:53 UTC 2026
// 重构日志: 60ada627
// 重构日志: fe4472ca
// 重构日志: b9964619
// 同步 ID: 03ff7d68 @ Thu Jul  2 19:10:37 UTC 2026
// 同步 ID: 6292ccc9 @ Fri Jul  3 18:38:35 UTC 2026
// 同步 ID: cf44ae54 @ Sat Jul  4 08:08:17 UTC 2026
// 重构日志: 6ade63fa
